#
# There is insufficient memory for the Java Runtime Environment to continue.
# Native memory allocation (malloc) failed to allocate 2215376 bytes for Chunk::new
# Possible reasons:
#   The system is out of physical RAM or swap space
#   In 32 bit mode, the process size limit was hit
# Possible solutions:
#   Reduce memory load on the system
#   Increase physical memory or swap space
#   Check if swap backing store is full
#   Use 64 bit Java on a 64 bit OS
#   Decrease Java heap size (-Xmx/-Xms)
#   Decrease number of Java threads
#   Decrease Java thread stack sizes (-Xss)
#   Set larger code cache with -XX:ReservedCodeCacheSize=
# This output file may be truncated or incomplete.
#
#  Out of Memory Error (allocation.cpp:390), pid=4260, tid=0x0000000000005ce8
#
# JRE version: Java(TM) SE Runtime Environment (8.0_161-b12) (build 1.8.0_161-b12)
# Java VM: Java HotSpot(TM) 64-Bit Server VM (25.161-b12 mixed mode windows-amd64 compressed oops)
# Failed to write core dump. Minidumps are not enabled by default on client versions of Windows
#

---------------  T H R E A D  ---------------

Current thread (0x000000001ff0f800):  JavaThread "C2 CompilerThread1" daemon [_thread_in_native, id=23784, stack(0x00000000208d0000,0x00000000209d0000)]

Stack: [0x00000000208d0000,0x00000000209d0000]
[error occurred during error reporting (printing stack bounds), id 0xc0000005]

Native frames: (J=compiled Java code, j=interpreted, Vv=VM code, C=native code)


Current CompileTask:
C2:   2732 1753   !   4       java.net.URLClassLoader$1::run (63 bytes)


---------------  P R O C E S S  ---------------

Java Threads: ( => current thread )
  0x0000000020e29000 JavaThread "pool-4-thread-1" [_thread_blocked, id=24636, stack(0x000000002f6a0000,0x000000002f7a0000)]
  0x0000000020e2d000 JavaThread "pool-3-thread-1" [_thread_blocked, id=25884, stack(0x000000002ce00000,0x000000002cf00000)]
  0x0000000020f85800 JavaThread "Abandoned connection cleanup thread" daemon [_thread_blocked, id=25152, stack(0x000000002af30000,0x000000002b030000)]
  0x0000000020f03800 JavaThread "Thread-3" daemon [_thread_in_native, id=26224, stack(0x0000000028850000,0x0000000028950000)]
  0x0000000020efc800 JavaThread "JavaFX-Launcher" [_thread_blocked, id=25800, stack(0x000000002ae30000,0x000000002af30000)]
  0x0000000020e92800 JavaThread "JavaFX Application Thread" [_thread_in_vm, id=11496, stack(0x0000000022160000,0x0000000022260000)]
  0x0000000020e90800 JavaThread "Thread-1" daemon [_thread_blocked, id=24192, stack(0x0000000022060000,0x0000000022160000)]
  0x0000000020e72000 JavaThread "QuantumRenderer-0" daemon [_thread_blocked, id=26008, stack(0x0000000021830000,0x0000000021930000)]
  0x000000001ffb3800 JavaThread "Service Thread" daemon [_thread_blocked, id=21428, stack(0x0000000020bd0000,0x0000000020cd0000)]
  0x000000001ff1c800 JavaThread "C1 CompilerThread3" daemon [_thread_in_native, id=22596, stack(0x0000000020ad0000,0x0000000020bd0000)]
  0x000000001ff15000 JavaThread "C2 CompilerThread2" daemon [_thread_in_native, id=26556, stack(0x00000000209d0000,0x0000000020ad0000)]
=>0x000000001ff0f800 JavaThread "C2 CompilerThread1" daemon [_thread_in_native, id=23784, stack(0x00000000208d0000,0x00000000209d0000)]
  0x000000001ff0d000 JavaThread "C2 CompilerThread0" daemon [_thread_in_native, id=25644, stack(0x00000000207d0000,0x00000000208d0000)]
  0x000000001ff0c000 JavaThread "Attach Listener" daemon [_thread_blocked, id=23984, stack(0x00000000206d0000,0x00000000207d0000)]
  0x000000001ff0b000 JavaThread "Signal Dispatcher" daemon [_thread_blocked, id=2336, stack(0x00000000205d0000,0x00000000206d0000)]
  0x000000000456d800 JavaThread "Finalizer" daemon [_thread_blocked, id=23472, stack(0x00000000202e0000,0x00000000203e0000)]
  0x000000000456c000 JavaThread "Reference Handler" daemon [_thread_blocked, id=564, stack(0x000000001fde0000,0x000000001fee0000)]
  0x0000000004475000 JavaThread "main" [_thread_blocked, id=19984, stack(0x0000000004320000,0x0000000004420000)]

Other Threads:
  0x000000001dfc8800 VMThread [stack: 0x000000001fce0000,0x000000001fde0000] [id=26204]
  0x000000001ffc6800 WatcherThread [stack: 0x0000000020cd0000,0x0000000020dd0000] [id=26232]

VM state:not at safepoint (normal execution)

VM Mutex/Monitor currently owned by a thread: None

Heap:
 PSYoungGen      total 76288K, used 21018K [0x000000076b500000, 0x0000000772280000, 0x00000007c0000000)
  eden space 65536K, 17% used [0x000000076b500000,0x000000076c008820,0x000000076f500000)
  from space 10752K, 90% used [0x000000076f500000,0x000000076fe7e2a0,0x000000076ff80000)
  to   space 10752K, 0% used [0x0000000771800000,0x0000000771800000,0x0000000772280000)
 ParOldGen       total 114176K, used 10091K [0x00000006c1e00000, 0x00000006c8d80000, 0x000000076b500000)
  object space 114176K, 8% used [0x00000006c1e00000,0x00000006c27dacd0,0x00000006c8d80000)
 Metaspace       used 33672K, capacity 34292K, committed 34480K, reserved 1079296K
  class space    used 4578K, capacity 4739K, committed 4784K, reserved 1048576K

Card table byte_map: [0x0000000013930000,0x0000000014130000] byte_map_base: 0x0000000010321000

Marking Bits: (ParMarkBitMap*) 0x000000005fa1f860
 Begin Bits: [0x0000000014e80000, 0x0000000018e08000)
 End Bits:   [0x0000000018e08000, 0x000000001cd90000)

Polling page: 0x0000000002680000

CodeCache: size=245760Kb used=6818Kb max_used=6818Kb free=238941Kb
 bounds [0x0000000004570000, 0x0000000004c20000, 0x0000000013570000]
 total_blobs=2737 nmethods=2089 adapters=560
 compilation: enabled

Compilation events (10 events):
Event: 2.728 Thread 0x000000001ff1c800 nmethod 2087 0x0000000004c19650 code [0x0000000004c197a0, 0x0000000004c19890]
Event: 2.728 Thread 0x000000001ff1c800 2088       1       java.lang.invoke.InnerClassLambdaMetafactory::access$500 (5 bytes)
Event: 2.728 Thread 0x000000001ff1c800 nmethod 2088 0x0000000004c19910 code [0x0000000004c19a60, 0x0000000004c19b50]
Event: 2.728 Thread 0x000000001ff1c800 2089       1       java.lang.invoke.InnerClassLambdaMetafactory::access$600 (5 bytes)
Event: 2.728 Thread 0x000000001ff1c800 nmethod 2089 0x0000000004c19bd0 code [0x0000000004c19d20, 0x0000000004c19e10]
Event: 2.728 Thread 0x000000001ff1c800 2090       1       java.lang.invoke.InnerClassLambdaMetafactory::access$700 (5 bytes)
Event: 2.728 Thread 0x000000001ff1c800 nmethod 2090 0x0000000004c19e90 code [0x0000000004c19fe0, 0x0000000004c1a0d0]
Event: 2.728 Thread 0x000000001ff1c800 2091       3       java.lang.invoke.MethodTypeForm::unpack (30 bytes)
Event: 2.728 Thread 0x000000001ff1c800 nmethod 2091 0x0000000004c1a150 code [0x0000000004c1a2a0, 0x0000000004c1a410]
Event: 2.731 Thread 0x000000001ff1c800 2093       3       sun.reflect.annotation.AnnotationParser::parseAnnotations2 (135 bytes)

GC Heap History (8 events):
Event: 1.248 GC heap before
{Heap before GC invocations=1 (full 0):
 PSYoungGen      total 76288K, used 65536K [0x000000076b500000, 0x0000000770a00000, 0x00000007c0000000)
  eden space 65536K, 100% used [0x000000076b500000,0x000000076f500000,0x000000076f500000)
  from space 10752K, 0% used [0x000000076ff80000,0x000000076ff80000,0x0000000770a00000)
  to   space 10752K, 0% used [0x000000076f500000,0x000000076f500000,0x000000076ff80000)
 ParOldGen       total 175104K, used 0K [0x00000006c1e00000, 0x00000006cc900000, 0x000000076b500000)
  object space 175104K, 0% used [0x00000006c1e00000,0x00000006c1e00000,0x00000006cc900000)
 Metaspace       used 14507K, capacity 14922K, committed 15232K, reserved 1062912K
  class space    used 1741K, capacity 1858K, committed 1920K, reserved 1048576K
Event: 1.253 GC heap after
Heap after GC invocations=1 (full 0):
 PSYoungGen      total 76288K, used 7289K [0x000000076b500000, 0x0000000770a00000, 0x00000007c0000000)
  eden space 65536K, 0% used [0x000000076b500000,0x000000076b500000,0x000000076f500000)
  from space 10752K, 67% used [0x000000076f500000,0x000000076fc1e430,0x000000076ff80000)
  to   space 10752K, 0% used [0x000000076ff80000,0x000000076ff80000,0x0000000770a00000)
 ParOldGen       total 175104K, used 80K [0x00000006c1e00000, 0x00000006cc900000, 0x000000076b500000)
  object space 175104K, 0% used [0x00000006c1e00000,0x00000006c1e14010,0x00000006cc900000)
 Metaspace       used 14507K, capacity 14922K, committed 15232K, reserved 1062912K
  class space    used 1741K, capacity 1858K, committed 1920K, reserved 1048576K
}
Event: 1.589 GC heap before
{Heap before GC invocations=2 (full 0):
 PSYoungGen      total 76288K, used 50277K [0x000000076b500000, 0x0000000770a00000, 0x00000007c0000000)
  eden space 65536K, 65% used [0x000000076b500000,0x000000076defb000,0x000000076f500000)
  from space 10752K, 67% used [0x000000076f500000,0x000000076fc1e430,0x000000076ff80000)
  to   space 10752K, 0% used [0x000000076ff80000,0x000000076ff80000,0x0000000770a00000)
 ParOldGen       total 175104K, used 80K [0x00000006c1e00000, 0x00000006cc900000, 0x000000076b500000)
  object space 175104K, 0% used [0x00000006c1e00000,0x00000006c1e14010,0x00000006cc900000)
 Metaspace       used 20769K, capacity 21178K, committed 21296K, reserved 1067008K
  class space    used 2737K, capacity 2864K, committed 2864K, reserved 1048576K
Event: 1.595 GC heap after
Heap after GC invocations=2 (full 0):
 PSYoungGen      total 76288K, used 10437K [0x000000076b500000, 0x0000000770a00000, 0x00000007c0000000)
  eden space 65536K, 0% used [0x000000076b500000,0x000000076b500000,0x000000076f500000)
  from space 10752K, 97% used [0x000000076ff80000,0x00000007709b15f0,0x0000000770a00000)
  to   space 10752K, 0% used [0x000000076f500000,0x000000076f500000,0x000000076ff80000)
 ParOldGen       total 175104K, used 88K [0x00000006c1e00000, 0x00000006cc900000, 0x000000076b500000)
  object space 175104K, 0% used [0x00000006c1e00000,0x00000006c1e16010,0x00000006cc900000)
 Metaspace       used 20769K, capacity 21178K, committed 21296K, reserved 1067008K
  class space    used 2737K, capacity 2864K, committed 2864K, reserved 1048576K
}
Event: 1.595 GC heap before
{Heap before GC invocations=3 (full 1):
 PSYoungGen      total 76288K, used 10437K [0x000000076b500000, 0x0000000770a00000, 0x00000007c0000000)
  eden space 65536K, 0% used [0x000000076b500000,0x000000076b500000,0x000000076f500000)
  from space 10752K, 97% used [0x000000076ff80000,0x00000007709b15f0,0x0000000770a00000)
  to   space 10752K, 0% used [0x000000076f500000,0x000000076f500000,0x000000076ff80000)
 ParOldGen       total 175104K, used 88K [0x00000006c1e00000, 0x00000006cc900000, 0x000000076b500000)
  object space 175104K, 0% used [0x00000006c1e00000,0x00000006c1e16010,0x00000006cc900000)
 Metaspace       used 20769K, capacity 21178K, committed 21296K, reserved 1067008K
  class space    used 2737K, capacity 2864K, committed 2864K, reserved 1048576K
Event: 1.619 GC heap after
Heap after GC invocations=3 (full 1):
 PSYoungGen      total 76288K, used 0K [0x000000076b500000, 0x0000000770a00000, 0x00000007c0000000)
  eden space 65536K, 0% used [0x000000076b500000,0x000000076b500000,0x000000076f500000)
  from space 10752K, 0% used [0x000000076ff80000,0x000000076ff80000,0x0000000770a00000)
  to   space 10752K, 0% used [0x000000076f500000,0x000000076f500000,0x000000076ff80000)
 ParOldGen       total 114176K, used 10083K [0x00000006c1e00000, 0x00000006c8d80000, 0x000000076b500000)
  object space 114176K, 8% used [0x00000006c1e00000,0x00000006c27d8cd0,0x00000006c8d80000)
 Metaspace       used 20769K, capacity 21178K, committed 21296K, reserved 1067008K
  class space    used 2737K, capacity 2864K, committed 2864K, reserved 1048576K
}
Event: 2.472 GC heap before
{Heap before GC invocations=4 (full 1):
 PSYoungGen      total 76288K, used 65536K [0x000000076b500000, 0x0000000770a00000, 0x00000007c0000000)
  eden space 65536K, 100% used [0x000000076b500000,0x000000076f500000,0x000000076f500000)
  from space 10752K, 0% used [0x000000076ff80000,0x000000076ff80000,0x0000000770a00000)
  to   space 10752K, 0% used [0x000000076f500000,0x000000076f500000,0x000000076ff80000)
 ParOldGen       total 114176K, used 10083K [0x00000006c1e00000, 0x00000006c8d80000, 0x000000076b500000)
  object space 114176K, 8% used [0x00000006c1e00000,0x00000006c27d8cd0,0x00000006c8d80000)
 Metaspace       used 32483K, capacity 32986K, committed 33584K, reserved 1079296K
  class space    used 4381K, capacity 4534K, committed 4656K, reserved 1048576K
Event: 2.477 GC heap after
Heap after GC invocations=4 (full 1):
 PSYoungGen      total 76288K, used 9720K [0x000000076b500000, 0x0000000772280000, 0x00000007c0000000)
  eden space 65536K, 0% used [0x000000076b500000,0x000000076b500000,0x000000076f500000)
  from space 10752K, 90% used [0x000000076f500000,0x000000076fe7e2a0,0x000000076ff80000)
  to   space 10752K, 0% used [0x0000000771800000,0x0000000771800000,0x0000000772280000)
 ParOldGen       total 114176K, used 10091K [0x00000006c1e00000, 0x00000006c8d80000, 0x000000076b500000)
  object space 114176K, 8% used [0x00000006c1e00000,0x00000006c27dacd0,0x00000006c8d80000)
 Metaspace       used 32483K, capacity 32986K, committed 33584K, reserved 1079296K
  class space    used 4381K, capacity 4534K, committed 4656K, reserved 1048576K
}

Deoptimization events (10 events):
Event: 1.696 Thread 0x0000000020e92800 Uncommon trap: reason=unstable_if action=reinterpret pc=0x0000000004974ad8 method=java.util.concurrent.ConcurrentHashMap.putVal(Ljava/lang/Object;Ljava/lang/Object;Z)Ljava/lang/Object; @ 206
Event: 1.756 Thread 0x0000000020e92800 Uncommon trap: reason=unstable_if action=reinterpret pc=0x00000000048e8b74 method=java.lang.String.regionMatches(ZILjava/lang/String;II)Z @ 123
Event: 1.778 Thread 0x0000000020e92800 Uncommon trap: reason=bimorphic action=maybe_recompile pc=0x000000000493296c method=java.util.HashMap.putVal(ILjava/lang/Object;Ljava/lang/Object;ZZ)Ljava/lang/Object; @ 203
Event: 1.787 Thread 0x0000000020e92800 Uncommon trap: reason=class_check action=maybe_recompile pc=0x000000000496e454 method=java.util.regex.Pattern$BmpCharProperty.match(Ljava/util/regex/Matcher;ILjava/lang/CharSequence;)Z @ 31
Event: 1.787 Thread 0x0000000020e92800 Uncommon trap: reason=class_check action=maybe_recompile pc=0x000000000496e454 method=java.util.regex.Pattern$BmpCharProperty.match(Ljava/util/regex/Matcher;ILjava/lang/CharSequence;)Z @ 31
Event: 1.787 Thread 0x0000000020e92800 Uncommon trap: reason=class_check action=maybe_recompile pc=0x000000000496e454 method=java.util.regex.Pattern$BmpCharProperty.match(Ljava/util/regex/Matcher;ILjava/lang/CharSequence;)Z @ 31
Event: 1.787 Thread 0x0000000020e92800 Uncommon trap: reason=class_check action=maybe_recompile pc=0x000000000496e454 method=java.util.regex.Pattern$BmpCharProperty.match(Ljava/util/regex/Matcher;ILjava/lang/CharSequence;)Z @ 31
Event: 1.905 Thread 0x0000000020e92800 Uncommon trap: reason=unstable_if action=reinterpret pc=0x00000000048ef1d8 method=java.io.WinNTFileSystem.normalize(Ljava/lang/String;)Ljava/lang/String; @ 128
Event: 2.498 Thread 0x0000000020e92800 Uncommon trap: reason=bimorphic action=maybe_recompile pc=0x0000000004a5c214 method=java.util.regex.Pattern$BmpCharProperty.match(Ljava/util/regex/Matcher;ILjava/lang/CharSequence;)Z @ 31
Event: 2.498 Thread 0x0000000020e92800 Uncommon trap: reason=unstable_if action=reinterpret pc=0x0000000004a5c674 method=java.util.regex.ASCII.isType(II)Z @ 6

Classes redefined (0 events):
No events

Internal exceptions (10 events):
Event: 0.816 Thread 0x0000000020e92800 Exception <a 'java/security/PrivilegedActionException'> (0x000000076c55c190) thrown at [C:\re\workspace\8-2-build-windows-amd64-cygwin\jdk8u161\10277\hotspot\src\share\vm\prims\jvm.cpp, line 1390]
Event: 1.101 Thread 0x0000000020e92800 Exception <a 'java/lang/NullPointerException'> (0x000000076cf0b6a0) thrown at [C:\re\workspace\8-2-build-windows-amd64-cygwin\jdk8u161\10277\hotspot\src\share\vm\interpreter\linkResolver.cpp, line 1185]
Event: 1.101 Thread 0x0000000020e92800 Exception <a 'java/lang/NullPointerException'> (0x000000076cf0b6a0) thrown at [C:\re\workspace\8-2-build-windows-amd64-cygwin\jdk8u161\10277\hotspot\src\share\vm\prims\jvm.cpp, line 1394]
Event: 1.409 Thread 0x0000000020e92800 Exception <a 'java/lang/ArrayIndexOutOfBoundsException': 71> (0x000000076cf1d8c8) thrown at [C:\re\workspace\8-2-build-windows-amd64-cygwin\jdk8u161\10277\hotspot\src\share\vm\interpreter\interpreterRuntime.cpp, line 366]
Event: 1.409 Thread 0x0000000020e92800 Exception <a 'java/lang/ArrayIndexOutOfBoundsException': 18> (0x000000076cf1ea10) thrown at [C:\re\workspace\8-2-build-windows-amd64-cygwin\jdk8u161\10277\hotspot\src\share\vm\interpreter\interpreterRuntime.cpp, line 366]
Event: 1.410 Thread 0x0000000020e92800 Exception <a 'java/lang/ArrayIndexOutOfBoundsException': 60> (0x000000076cf1fd98) thrown at [C:\re\workspace\8-2-build-windows-amd64-cygwin\jdk8u161\10277\hotspot\src\share\vm\interpreter\interpreterRuntime.cpp, line 366]
Event: 1.523 Thread 0x0000000020e92800 Exception <a 'java/lang/ClassNotFoundException': com/sun/org/glassfish/hk2/osgiresourcelocator/ServiceLoader> (0x000000076db81400) thrown at [C:\re\workspace\8-2-build-windows-amd64-cygwin\jdk8u161\10277\hotspot\src\share\vm\classfile\systemDictionary.cpp
Event: 1.526 Thread 0x0000000020e92800 Exception <a 'java/lang/NullPointerException'> (0x000000076db8ebc8) thrown at [C:\re\workspace\8-2-build-windows-amd64-cygwin\jdk8u161\10277\hotspot\src\share\vm\interpreter\linkResolver.cpp, line 1287]
Event: 1.530 Thread 0x0000000020e92800 Implicit null exception at 0x00000000048d71d8 to 0x00000000048d7266
Event: 2.574 Thread 0x0000000020e92800 Exception <a 'java/lang/ClassNotFoundException': com/sun/org/glassfish/hk2/osgiresourcelocator/ServiceLoader> (0x000000076b989f50) thrown at [C:\re\workspace\8-2-build-windows-amd64-cygwin\jdk8u161\10277\hotspot\src\share\vm\classfile\systemDictionary.cpp

Events (10 events):
Event: 2.731 loading class javafx/scene/control/TableColumnBase$1
Event: 2.731 loading class javafx/scene/control/TableColumnBase$1 done
Event: 2.731 loading class javafx/scene/control/TableColumnBase$4
Event: 2.731 loading class javafx/scene/control/TableColumnBase$4 done
Event: 2.731 loading class javafx/scene/control/TableColumnBase$5
Event: 2.731 loading class javafx/scene/control/TableColumnBase$5 done
Event: 2.731 loading class javafx/scene/control/TableColumnBase$3
Event: 2.731 loading class javafx/scene/control/TableColumnBase$3 done
Event: 2.731 loading class javafx/scene/control/TableColumnBase$2
Event: 2.731 loading class javafx/scene/control/TableColumnBase$2 done


Dynamic libraries:
0x00007ff787720000 - 0x00007ff787757000 	C:\Program Files\Java\jre1.8.0_161\bin\javaw.exe
0x00007ffcd3b90000 - 0x00007ffcd3d70000 	C:\Windows\SYSTEM32\ntdll.dll
0x00007ffcd11a0000 - 0x00007ffcd124e000 	C:\Windows\System32\KERNEL32.DLL
0x00007ffcd0030000 - 0x00007ffcd0296000 	C:\Windows\System32\KERNELBASE.dll
0x00007ffcd1590000 - 0x00007ffcd1631000 	C:\Windows\System32\ADVAPI32.dll
0x00007ffcd1320000 - 0x00007ffcd13bd000 	C:\Windows\System32\msvcrt.dll
0x00007ffcd1470000 - 0x00007ffcd14cb000 	C:\Windows\System32\sechost.dll
0x00007ffcd1060000 - 0x00007ffcd117f000 	C:\Windows\System32\RPCRT4.dll
0x00007ffcd39a0000 - 0x00007ffcd3b2f000 	C:\Windows\System32\USER32.dll
0x00007ffcd0010000 - 0x00007ffcd0030000 	C:\Windows\System32\win32u.dll
0x00007ffcd3b30000 - 0x00007ffcd3b58000 	C:\Windows\System32\GDI32.dll
0x00007ffcd0ec0000 - 0x00007ffcd1053000 	C:\Windows\System32\gdi32full.dll
0x00007ffcd0c70000 - 0x00007ffcd0d0b000 	C:\Windows\System32\msvcp_win.dll
0x00007ffcd0dc0000 - 0x00007ffcd0eb6000 	C:\Windows\System32\ucrtbase.dll
0x00007ffcc5bb0000 - 0x00007ffcc5e19000 	C:\Windows\WinSxS\amd64_microsoft.windows.common-controls_6595b64144ccf1df_6.0.16299.371_none_15c7d1789365a290\COMCTL32.dll
0x00007ffcd1730000 - 0x00007ffcd1a38000 	C:\Windows\System32\combase.dll
0x00007ffccff90000 - 0x00007ffcd0002000 	C:\Windows\System32\bcryptPrimitives.dll
0x00007ffcd32d0000 - 0x00007ffcd32fd000 	C:\Windows\System32\IMM32.DLL
0x000000005eeb0000 - 0x000000005ef82000 	C:\Program Files\Java\jre1.8.0_161\bin\msvcr100.dll
0x000000005f200000 - 0x000000005fa9f000 	C:\Program Files\Java\jre1.8.0_161\bin\server\jvm.dll
0x00007ffcd3150000 - 0x00007ffcd3158000 	C:\Windows\System32\PSAPI.DLL
0x00007ffcc2d50000 - 0x00007ffcc2d59000 	C:\Windows\SYSTEM32\WSOCK32.dll
0x00007ffccb450000 - 0x00007ffccb45a000 	C:\Windows\SYSTEM32\VERSION.dll
0x00007ffcc91b0000 - 0x00007ffcc91d3000 	C:\Windows\SYSTEM32\WINMM.dll
0x00007ffcd16c0000 - 0x00007ffcd172c000 	C:\Windows\System32\WS2_32.dll
0x00007ffcc9150000 - 0x00007ffcc917a000 	C:\Windows\SYSTEM32\winmmbase.dll
0x00007ffcd0d70000 - 0x00007ffcd0dba000 	C:\Windows\System32\cfgmgr32.dll
0x000000005fe80000 - 0x000000005fe8f000 	C:\Program Files\Java\jre1.8.0_161\bin\verify.dll
0x000000005f0f0000 - 0x000000005f119000 	C:\Program Files\Java\jre1.8.0_161\bin\java.dll
0x000000005fe60000 - 0x000000005fe76000 	C:\Program Files\Java\jre1.8.0_161\bin\zip.dll
0x00007ffcd1b50000 - 0x00007ffcd2f86000 	C:\Windows\System32\SHELL32.dll
0x00007ffcd13c0000 - 0x00007ffcd1466000 	C:\Windows\System32\shcore.dll
0x00007ffcd0520000 - 0x00007ffcd0c67000 	C:\Windows\System32\windows.storage.dll
0x00007ffcd1530000 - 0x00007ffcd1581000 	C:\Windows\System32\shlwapi.dll
0x00007ffccff70000 - 0x00007ffccff81000 	C:\Windows\System32\kernel.appcore.dll
0x00007ffccfee0000 - 0x00007ffccff2c000 	C:\Windows\System32\powrprof.dll
0x00007ffccff30000 - 0x00007ffccff4b000 	C:\Windows\System32\profapi.dll
0x0000000004430000 - 0x0000000004433000 	C:\Program Files\Java\jre1.8.0_161\bin\api-ms-win-core-console-l1-1-0.dll
0x0000000004440000 - 0x0000000004443000 	C:\Program Files\Java\jre1.8.0_161\bin\api-ms-win-core-datetime-l1-1-0.dll
0x00000000215d0000 - 0x00000000215d3000 	C:\Program Files\Java\jre1.8.0_161\bin\api-ms-win-core-debug-l1-1-0.dll
0x00000000215e0000 - 0x00000000215e3000 	C:\Program Files\Java\jre1.8.0_161\bin\api-ms-win-core-errorhandling-l1-1-0.dll
0x00000000215f0000 - 0x00000000215f4000 	C:\Program Files\Java\jre1.8.0_161\bin\api-ms-win-core-file-l1-1-0.dll
0x0000000021600000 - 0x0000000021603000 	C:\Program Files\Java\jre1.8.0_161\bin\api-ms-win-core-file-l1-2-0.dll
0x0000000021610000 - 0x0000000021613000 	C:\Program Files\Java\jre1.8.0_161\bin\api-ms-win-core-file-l2-1-0.dll
0x0000000021620000 - 0x0000000021623000 	C:\Program Files\Java\jre1.8.0_161\bin\api-ms-win-core-handle-l1-1-0.dll
0x0000000021630000 - 0x0000000021633000 	C:\Program Files\Java\jre1.8.0_161\bin\api-ms-win-core-heap-l1-1-0.dll
0x0000000021640000 - 0x0000000021643000 	C:\Program Files\Java\jre1.8.0_161\bin\api-ms-win-core-interlocked-l1-1-0.dll
0x0000000021650000 - 0x0000000021653000 	C:\Program Files\Java\jre1.8.0_161\bin\api-ms-win-core-libraryloader-l1-1-0.dll
0x0000000021660000 - 0x0000000021663000 	C:\Program Files\Java\jre1.8.0_161\bin\api-ms-win-core-localization-l1-2-0.dll
0x0000000021670000 - 0x0000000021673000 	C:\Program Files\Java\jre1.8.0_161\bin\api-ms-win-core-memory-l1-1-0.dll
0x0000000021680000 - 0x0000000021683000 	C:\Program Files\Java\jre1.8.0_161\bin\api-ms-win-core-namedpipe-l1-1-0.dll
0x0000000021690000 - 0x0000000021693000 	C:\Program Files\Java\jre1.8.0_161\bin\api-ms-win-core-processenvironment-l1-1-0.dll
0x00000000216a0000 - 0x00000000216a3000 	C:\Program Files\Java\jre1.8.0_161\bin\api-ms-win-core-processthreads-l1-1-0.dll
0x00000000216b0000 - 0x00000000216b3000 	C:\Program Files\Java\jre1.8.0_161\bin\api-ms-win-core-processthreads-l1-1-1.dll
0x00000000216c0000 - 0x00000000216c3000 	C:\Program Files\Java\jre1.8.0_161\bin\api-ms-win-core-profile-l1-1-0.dll
0x00000000216d0000 - 0x00000000216d3000 	C:\Program Files\Java\jre1.8.0_161\bin\api-ms-win-core-rtlsupport-l1-1-0.dll
0x00000000216e0000 - 0x00000000216e3000 	C:\Program Files\Java\jre1.8.0_161\bin\api-ms-win-core-string-l1-1-0.dll
0x00000000216f0000 - 0x00000000216f3000 	C:\Program Files\Java\jre1.8.0_161\bin\api-ms-win-core-synch-l1-1-0.dll
0x0000000021700000 - 0x0000000021703000 	C:\Program Files\Java\jre1.8.0_161\bin\api-ms-win-core-synch-l1-2-0.dll
0x0000000021710000 - 0x0000000021713000 	C:\Program Files\Java\jre1.8.0_161\bin\api-ms-win-core-sysinfo-l1-1-0.dll
0x0000000021720000 - 0x0000000021723000 	C:\Program Files\Java\jre1.8.0_161\bin\api-ms-win-core-timezone-l1-1-0.dll
0x0000000021730000 - 0x0000000021733000 	C:\Program Files\Java\jre1.8.0_161\bin\api-ms-win-core-util-l1-1-0.dll
0x0000000021740000 - 0x0000000021743000 	C:\Program Files\Java\jre1.8.0_161\bin\api-ms-win-crt-conio-l1-1-0.dll
0x0000000021750000 - 0x0000000021754000 	C:\Program Files\Java\jre1.8.0_161\bin\api-ms-win-crt-convert-l1-1-0.dll
0x0000000021760000 - 0x0000000021763000 	C:\Program Files\Java\jre1.8.0_161\bin\api-ms-win-crt-environment-l1-1-0.dll
0x0000000021770000 - 0x0000000021773000 	C:\Program Files\Java\jre1.8.0_161\bin\api-ms-win-crt-filesystem-l1-1-0.dll
0x0000000021780000 - 0x0000000021783000 	C:\Program Files\Java\jre1.8.0_161\bin\api-ms-win-crt-heap-l1-1-0.dll
0x0000000021790000 - 0x0000000021793000 	C:\Program Files\Java\jre1.8.0_161\bin\api-ms-win-crt-locale-l1-1-0.dll
0x00000000217a0000 - 0x00000000217a5000 	C:\Program Files\Java\jre1.8.0_161\bin\api-ms-win-crt-math-l1-1-0.dll
0x00000000217b0000 - 0x00000000217b5000 	C:\Program Files\Java\jre1.8.0_161\bin\api-ms-win-crt-multibyte-l1-1-0.dll
0x00000000217c0000 - 0x00000000217d0000 	C:\Program Files\Java\jre1.8.0_161\bin\api-ms-win-crt-private-l1-1-0.dll
0x00000000217d0000 - 0x00000000217d3000 	C:\Program Files\Java\jre1.8.0_161\bin\api-ms-win-crt-process-l1-1-0.dll
0x00000000217e0000 - 0x00000000217e4000 	C:\Program Files\Java\jre1.8.0_161\bin\api-ms-win-crt-runtime-l1-1-0.dll
0x00000000217f0000 - 0x00000000217f4000 	C:\Program Files\Java\jre1.8.0_161\bin\api-ms-win-crt-stdio-l1-1-0.dll
0x0000000021800000 - 0x0000000021804000 	C:\Program Files\Java\jre1.8.0_161\bin\api-ms-win-crt-string-l1-1-0.dll
0x0000000021810000 - 0x0000000021813000 	C:\Program Files\Java\jre1.8.0_161\bin\api-ms-win-crt-time-l1-1-0.dll
0x0000000021820000 - 0x0000000021823000 	C:\Program Files\Java\jre1.8.0_161\bin\api-ms-win-crt-utility-l1-1-0.dll
0x00007ffcc2c20000 - 0x00007ffcc2d16000 	C:\Program Files\Java\jre1.8.0_161\bin\ucrtbase.dll
0x00007ffcc47a0000 - 0x00007ffcc47f1000 	C:\Program Files\Java\jre1.8.0_161\bin\concrt140.dll
0x00007ffcc2900000 - 0x00007ffcc299c000 	C:\Program Files\Java\jre1.8.0_161\bin\MSVCP140.dll
0x00007ffccaf30000 - 0x00007ffccaf46000 	C:\Program Files\Java\jre1.8.0_161\bin\VCRUNTIME140.dll
0x000000005ee80000 - 0x000000005eea3000 	C:\Program Files\Java\jre1.8.0_161\bin\prism_d3d.dll
0x00007ffcb1500000 - 0x00007ffcb1695000 	C:\Windows\system32\d3d9.dll
0x00007ffcce530000 - 0x00007ffcce55a000 	C:\Windows\SYSTEM32\dwmapi.dll
0x00007ffcce2e0000 - 0x00007ffcce375000 	C:\Windows\system32\uxtheme.dll
0x00007ffcc4670000 - 0x00007ffcc475b000 	C:\Windows\System32\DriverStore\FileRepository\nvdmi.inf_amd64_4768f29e02a5c112\nvldumdx.dll
0x00007ffcd02a0000 - 0x00007ffcd046e000 	C:\Windows\System32\crypt32.dll
0x00007ffccff50000 - 0x00007ffccff62000 	C:\Windows\System32\MSASN1.dll
0x00007ffcd0d10000 - 0x00007ffcd0d68000 	C:\Windows\System32\WINTRUST.DLL
0x00007ffcd1180000 - 0x00007ffcd119d000 	C:\Windows\System32\imagehlp.dll
0x00007ffccf8e0000 - 0x00007ffccf8f7000 	C:\Windows\SYSTEM32\CRYPTSP.dll
0x00007ffccf310000 - 0x00007ffccf343000 	C:\Windows\system32\rsaenh.dll
0x00007ffccf9e0000 - 0x00007ffccfa05000 	C:\Windows\SYSTEM32\bcrypt.dll
0x00007ffccf8d0000 - 0x00007ffccf8db000 	C:\Windows\SYSTEM32\CRYPTBASE.dll
0x00007ffca1800000 - 0x00007ffca2a0d000 	C:\Windows\System32\DriverStore\FileRepository\nvdmi.inf_amd64_4768f29e02a5c112\nvd3dumx.dll
0x000000005ee30000 - 0x000000005ee79000 	C:\Program Files\Java\jre1.8.0_161\bin\glass.dll
0x00007ffcd1a40000 - 0x00007ffcd1b4a000 	C:\Windows\System32\COMDLG32.dll
0x00007ffcd2ff0000 - 0x00007ffcd3139000 	C:\Windows\System32\ole32.dll
0x00007ffcd1250000 - 0x00007ffcd1315000 	C:\Windows\System32\OLEAUT32.dll
0x00007ffcd3160000 - 0x00007ffcd32c7000 	C:\Windows\System32\MSCTF.dll
0x00007ffc9eeb0000 - 0x00007ffc9eee8000 	C:\Program Files\Alienware\AWSoundCenter\UserInterface\x64\AWSoundCenterDevProps.dll
0x00007ffc9edb0000 - 0x00007ffc9edfe000 	C:\Program Files\Alienware\AWSoundCenter\UserInterface\x64\AWSoundCenterOSD.dll
0x00007ffcd34b0000 - 0x00007ffcd354e000 	C:\Windows\System32\clbcatq.dll
0x00007ffcca820000 - 0x00007ffcca88f000 	C:\Windows\System32\MMDevApi.dll
0x00007ffccdc40000 - 0x00007ffccddf1000 	C:\Windows\System32\PROPSYS.dll
0x00007ffccfc90000 - 0x00007ffccfcb7000 	C:\Windows\System32\DEVOBJ.dll
0x00007ffcc4040000 - 0x00007ffcc4162000 	C:\Windows\SYSTEM32\AUDIOSES.DLL
0x00007ffccb310000 - 0x00007ffccb446000 	C:\Windows\SYSTEM32\wintypes.dll
0x00007ffcc8cc0000 - 0x00007ffcc8cca000 	C:\Windows\SYSTEM32\AVRT.dll
0x00007ffcc2a90000 - 0x00007ffcc2b7c000 	C:\Program Files (x86)\NVIDIA Corporation\3D Vision\nvSCPAPI64.dll
0x00007ffcd3550000 - 0x00007ffcd399e000 	C:\Windows\System32\SETUPAPI.dll
0x00007ffcb7620000 - 0x00007ffcb77fc000 	C:\Windows\system32\nvspcap64.dll
0x00007ffccbe40000 - 0x00007ffccbf1e000 	C:\Windows\SYSTEM32\WINHTTP.dll
0x00007ffcceb60000 - 0x00007ffcceb73000 	C:\Windows\SYSTEM32\WTSAPI32.dll
0x00007ffcc2420000 - 0x00007ffcc28b9000 	C:\Windows\system32\nvapi64.dll
0x00007ffcced40000 - 0x00007ffccedef000 	C:\Windows\SYSTEM32\dxgi.dll
0x000000005f0d0000 - 0x000000005f0ea000 	C:\Program Files\Java\jre1.8.0_161\bin\net.dll
0x00007ffccf710000 - 0x00007ffccf776000 	C:\Windows\system32\mswsock.dll
0x00007ffccf4e0000 - 0x00007ffccf596000 	C:\Windows\SYSTEM32\DNSAPI.dll
0x00007ffcd3140000 - 0x00007ffcd3148000 	C:\Windows\System32\NSI.dll
0x00007ffccf4a0000 - 0x00007ffccf4d9000 	C:\Windows\SYSTEM32\IPHLPAPI.DLL
0x00007ffcc6610000 - 0x00007ffcc661a000 	C:\Windows\System32\rasadhlp.dll
0x00007ffcc71d0000 - 0x00007ffcc7240000 	C:\Windows\System32\fwpuclnt.dll
0x000000005e220000 - 0x000000005e234000 	C:\Program Files\Java\jre1.8.0_161\bin\javafx_font.dll
0x000000005f060000 - 0x000000005f06d000 	C:\Program Files\Java\jre1.8.0_161\bin\management.dll
0x00007ffcbb810000 - 0x00007ffcbb826000 	C:\Windows\system32\napinsp.dll
0x00007ffcbb7f0000 - 0x00007ffcbb80a000 	C:\Windows\system32\pnrpnsp.dll
0x00007ffccb480000 - 0x00007ffccb498000 	C:\Windows\system32\NLAapi.dll

VM Arguments:
jvm_args: -Dfile.encoding=Cp1252 
java_command: application.Main
java_class_path (initial): C:\Program Files\Java\jre1.8.0_161\lib\resources.jar;C:\Program Files\Java\jre1.8.0_161\lib\rt.jar;C:\Program Files\Java\jre1.8.0_161\lib\jsse.jar;C:\Program Files\Java\jre1.8.0_161\lib\jce.jar;C:\Program Files\Java\jre1.8.0_161\lib\charsets.jar;C:\Program Files\Java\jre1.8.0_161\lib\jfr.jar;C:\Program Files\Java\jre1.8.0_161\lib\ext\access-bridge-64.jar;C:\Program Files\Java\jre1.8.0_161\lib\ext\cldrdata.jar;C:\Program Files\Java\jre1.8.0_161\lib\ext\dnsns.jar;C:\Program Files\Java\jre1.8.0_161\lib\ext\jaccess.jar;C:\Program Files\Java\jre1.8.0_161\lib\ext\jfxrt.jar;C:\Program Files\Java\jre1.8.0_161\lib\ext\localedata.jar;C:\Program Files\Java\jre1.8.0_161\lib\ext\nashorn.jar;C:\Program Files\Java\jre1.8.0_161\lib\ext\sunec.jar;C:\Program Files\Java\jre1.8.0_161\lib\ext\sunjce_provider.jar;C:\Program Files\Java\jre1.8.0_161\lib\ext\sunmscapi.jar;C:\Program Files\Java\jre1.8.0_161\lib\ext\sunpkcs11.jar;C:\Program Files\Java\jre1.8.0_161\lib\ext\zipfs.jar;C:\Users\Rich\eclipse-workspace\SimplisticInventorySolution\bin;C:\Users\Rich\.p2\pool\plugins\org.eclipse.fx.ide.css.jfx8_2.4.0.201605112122.jar;C:\Users\Rich\eclipse-workspace\SimplisticInventorySolution\lib\antlr-2.7.7.jar;C:\Users\Rich\eclipse-workspace\SimplisticInventorySolution\lib\classmate-1.3.0.jar;C:\Users\Rich\eclipse-workspace\SimplisticInventorySolution\lib\dom4j-1.6.1.jar;C:\Users\Rich\eclipse-workspace\SimplisticInventorySolution\lib\hibernate-commons-annotations-5.0.1.Final.jar;C:\Users\Rich\eclipse-workspace\SimplisticInventorySolution\lib\hibernate-core-5.2.13.Final.jar;C:\Users\Rich\eclipse-workspace\SimplisticInventorySolution\lib\hibernate-jpa-2.1-api-1.0.0.Final.jar;C:\Users\Rich\eclipse-workspace\SimplisticInventorySolution\lib\jandex-2.0.3.Final.jar;C:\Users\Rich\eclipse-workspace\SimplisticInventorySolution\lib\javassist-3.22.0-GA.jar;C:\Users\Rich\eclipse-workspace\SimplisticInventorySolution\lib\jboss-logging-3.3.1.Final.jar;C:\Users\Rich\eclipse-workspace\Si
Launcher Type: SUN_STANDARD

Environment Variables:
PATH=C:/Program Files/Java/jre1.8.0_161/bin/server;C:/Program Files/Java/jre1.8.0_161/bin;C:/Program Files/Java/jre1.8.0_161/lib/amd64;C:\ProgramData\Oracle\Java\javapath;C:\Program Files (x86)\Intel\iCLS Client\;C:\Program Files\Intel\iCLS Client\;C:\Windows\system32;C:\Windows;C:\Windows\System32\Wbem;C:\Windows\System32\WindowsPowerShell\v1.0\;C:\Program Files (x86)\Intel\Intel(R) Management Engine Components\DAL;C:\Program Files\Intel\Intel(R) Management Engine Components\DAL;C:\Program Files (x86)\Intel\Intel(R) Management Engine Components\IPT;C:\Program Files\Intel\Intel(R) Management Engine Components\IPT;C:\Program Files (x86)\NVIDIA Corporation\PhysX\Common;C:\Program Files\MySQL\MySQL Utilities 1.6\;C:\Users\Rich\AppData\Local\Microsoft\WindowsApps;;C:\Windows\system32;
USERNAME=Rich
OS=Windows_NT
PROCESSOR_IDENTIFIER=Intel64 Family 6 Model 158 Stepping 9, GenuineIntel



---------------  S Y S T E M  ---------------

OS: Windows 10.0 , 64 bit Build 16299 (10.0.16299.15)

CPU:total 8 (initial active 8) (4 cores per cpu, 2 threads per core) family 6 model 158 stepping 9, cmov, cx8, fxsr, mmx, sse, sse2, sse3, ssse3, sse4.1, sse4.2, popcnt, avx, avx2, aes, clmul, erms, 3dnowpref, lzcnt, ht, tsc, tscinvbit, bmi1, bmi2, adx

Memory: 4k page, physical 16647196k(5500736k free), swap 30352792k(6448k free)

vm_info: Java HotSpot(TM) 64-Bit Server VM (25.161-b12) for windows-amd64 JRE (1.8.0_161-b12), built on Dec 19 2017 17:52:25 by "java_re" with MS VC++ 10.0 (VS2010)

time: Thu Apr 12 19:06:28 2018
elapsed time: 2 seconds (0d 0h 0m 2s)

